<?xml version="1.0" encoding="UTF-8"?>
<!-- Generated by org.testng.reporters.JUnitReportReporter -->
<testsuite hostname="DESKTOP-6G3MAL6" failures="0" tests="2" name="com.Capium.TestRunFiles.CucumberRunnerTests" time="60.797" errors="1" timestamp="2025-02-07T11:59:17 IST" skipped="0">
  <testcase classname="com.Capium.TestRunFiles.CucumberRunnerTests" name="runScenario" time="56.767">
    <error message="Expected condition failed: waiting for visibility of [[ChromeDriver: chrome on windows (ffc2d520a634664f990dbcc184df4550)] -&gt; id: CboType] (tried for 12 second(s) with 500 milliseconds interval)
Build info: version: &#039;4.23.0&#039;, revision: &#039;4df0a231af&#039;
System info: os.name: &#039;Windows 11&#039;, os.arch: &#039;amd64&#039;, os.version: &#039;10.0&#039;, java.version: &#039;23.0.1&#039;
Driver info: org.openqa.selenium.chrome.ChromeDriver
Capabilities {acceptInsecureCerts: false, browserName: chrome, browserVersion: 132.0.6834.110, chrome: {chromedriverVersion: 132.0.6834.159 (2d77d3fc445..., userDataDir: C:\Users\user\AppData\Local...}, fedcm:accounts: true, goog:chromeOptions: {debuggerAddress: localhost:56065}, networkConnectionEnabled: false, pageLoadStrategy: normal, platformName: windows, proxy: Proxy(), se:cdp: ws://localhost:56065/devtoo..., se:cdpVersion: 132.0.6834.110, setWindowRect: true, strictFileInteractability: false, timeouts: {implicit: 0, pageLoad: 300000, script: 30000}, unhandledPromptBehavior: dismiss and notify, webauthn:extension:credBlob: true, webauthn:extension:largeBlob: true, webauthn:extension:minPinLength: true, webauthn:extension:prf: true, webauthn:virtualAuthenticators: true}
Session ID: ffc2d520a634664f990dbcc184df4550" type="org.openqa.selenium.TimeoutException">
      <![CDATA[org.openqa.selenium.TimeoutException: Expected condition failed: waiting for visibility of [[ChromeDriver: chrome on windows (ffc2d520a634664f990dbcc184df4550)] -> id: CboType] (tried for 12 second(s) with 500 milliseconds interval)
Build info: version: '4.23.0', revision: '4df0a231af'
System info: os.name: 'Windows 11', os.arch: 'amd64', os.version: '10.0', java.version: '23.0.1'
Driver info: org.openqa.selenium.chrome.ChromeDriver
Capabilities {acceptInsecureCerts: false, browserName: chrome, browserVersion: 132.0.6834.110, chrome: {chromedriverVersion: 132.0.6834.159 (2d77d3fc445..., userDataDir: C:\Users\user\AppData\Local...}, fedcm:accounts: true, goog:chromeOptions: {debuggerAddress: localhost:56065}, networkConnectionEnabled: false, pageLoadStrategy: normal, platformName: windows, proxy: Proxy(), se:cdp: ws://localhost:56065/devtoo..., se:cdpVersion: 132.0.6834.110, setWindowRect: true, strictFileInteractability: false, timeouts: {implicit: 0, pageLoad: 300000, script: 30000}, unhandledPromptBehavior: dismiss and notify, webauthn:extension:credBlob: true, webauthn:extension:largeBlob: true, webauthn:extension:minPinLength: true, webauthn:extension:prf: true, webauthn:virtualAuthenticators: true}
Session ID: ffc2d520a634664f990dbcc184df4550
at org.openqa.selenium.support.ui.WebDriverWait.timeoutException(WebDriverWait.java:84)
at org.openqa.selenium.support.ui.FluentWait.until(FluentWait.java:228)
at com.Capium.Utilies.HelperClass.selectFromDropdownAndObserveResults(HelperClass.java:121)
at com.Capium.stepDefinations.CapiumLoginDef_file.validate_client_type(CapiumLoginDef_file.java:122)
at âœ½.Validate Client Type(file:///C:/Users/user/Downloads/Capium/Capium/src/test/resources/Features/CapiumLogin.feature:28)
]]>
    </error>
    <system-out>
      <![CDATA[Chrome Browser launched Sucessfully]]>
    </system-out>
  </testcase> <!-- runScenario -->
  <testcase classname="com.Capium.TestRunFiles.CucumberRunnerTests" name="runScenario" time="4.030">
    <system-out>
      <![CDATA[Chrome Browser launched Sucessfully]]>
    </system-out>
  </testcase> <!-- runScenario -->
  <system-out>
    <![CDATA[Chrome Browser launched Sucessfully
Chrome Browser launched Sucessfully]]>
  </system-out>
</testsuite> <!-- com.Capium.TestRunFiles.CucumberRunnerTests -->
